Arguments: 
  D:\ProgramFiles\Nodejs\node.exe C:\Program Files (x86)\Yarn\bin\yarn.js install

PATH: 
  C:\Program Files (x86)\Common Files\Oracle\Java\javapath;C:\Program Files (x86)\Intel\Intel(R) Management Engine Components\iCLS\;C:\Program Files\Intel\Intel(R) Management Engine Components\iCLS\;C:\Windows\system32;C:\Windows;C:\Windows\System32\Wbem;C:\Windows\System32\WindowsPowerShell\v1.0\;C:\Windows\System32\OpenSSH\;C:\Program Files (x86)\Intel\Intel(R) Management Engine Components\DAL;C:\Program Files\Intel\Intel(R) Management Engine Components\DAL;C:\Program Files (x86)\Intel\Intel(R) Management Engine Components\IPT;C:\Program Files\Intel\Intel(R) Management Engine Components\IPT;C:\Program Files\Git\cmd;C:\Program Files\dotnet\;C:\Program Files\NVIDIA Corporation\NVIDIA NvDLISR;C:\Program Files (x86)\NVIDIA Corporation\PhysX\Common;C:\Program Files (x86)\Bitvise SSH Client;C:\Program Files\PuTTY\;C:\WINDOWS\system32;C:\WINDOWS;C:\WINDOWS\System32\Wbem;C:\WINDOWS\System32\WindowsPowerShell\v1.0\;C:\WINDOWS\System32\OpenSSH\;D:\ProgramFiles\Nodejs\;C:\Program Files (x86)\Yarn\bin\;C:\Users\gsanz\AppData\Local\Programs\Python\Python36\Scripts\;C:\Users\gsanz\AppData\Local\Programs\Python\Python36\;C:\Users\gsanz\AppData\Local\Microsoft\WindowsApps;C:\Users\gsanz\AppData\Local\Programs\Microsoft VS Code\bin;C:\Users\gsanz\.dotnet\tools;C:\Program Files\Java\jdk1.8.0_191\bin;C:\MinGW\bin;C:\Program Files\Java\jdk-11.0.1\bin;C:\Users\gsanz\AppData\Roaming\Python\Python36\Scripts;C:\Users\gsanz\AppData\Local\GitHubDesktop\bin;C:\Users\gsanz\Downloads\cmake-3.14.0-rc1-win64-x64\bin;C:\Program Files\JetBrains\WebStorm 2019.1\bin;C:\Program Files\JetBrains\IntelliJ IDEA 2019.1.3\bin;C:\Users\gsanz\AppData\Local\Microsoft\WindowsApps;C:\Users\gsanz\AppData\Roaming\npm;C:\Users\gsanz\AppData\Local\Yarn\bin

Yarn version: 
  1.21.1

Node version: 
  10.16.3

Platform: 
  win32 x64

Trace: 
  Error: EPERM: operation not permitted, unlink 'C:\Users\gsanz\Documents\BudgetHog\BudgetHog\node_modules\@expo\xdl\binaries\windows\adb\AdbWinUsbApi.dll'

npm manifest: 
  {
    "main": "node_modules/expo/AppEntry.js",
    "scripts": {
      "start": "expo start",
      "android": "expo start --android",
      "ios": "expo start --ios",
      "web": "expo start --web",
      "eject": "expo eject"
    },
    "dependencies": {
      "expo": "^36.0.0",
      "expo-cli": "^3.4.1",
      "expo-font": "~8.0.0",
      "native-base": "^2.13.8",
      "react": "16.9.0",
      "react-dom": "16.9.0",
      "react-native": "https://github.com/expo/react-native/archive/sdk-36.0.0.tar.gz",
      "react-native-fbsdk": "1.1.1",
      "react-native-gesture-handler": "~1.5.0",
      "react-native-material-kit": "^0.5.1",
      "react-native-reanimated": "~1.4.0",
      "react-native-responsive-screen": "^1.3.0",
      "react-native-web": "^0.11.7",
      "react-navigation": "^4.0.10",
      "react-navigation-stack": "^1.10.3",
      "expo-facebook": "~8.0.0"
    },
    "devDependencies": {
      "babel-preset-expo": "^7.0.0"
    },
    "private": true
  }

yarn manifest: 
  No manifest

Lockfile: 
  No lockfile
